c:\users\pofbattousai\documents\tp_final\tp_final\debug\vc141.pdb
c:\users\pofbattousai\documents\tp_final\tp_final\debug\vc141.idb
c:\users\pofbattousai\documents\tp_final\tp_final\debug\cheladera.obj
c:\users\pofbattousai\documents\tp_final\tp_final\debug\ccmhmred.obj
c:\users\pofbattousai\documents\tp_final\tp_final\debug\main.obj
c:\users\pofbattousai\documents\tp_final\tp_final\debug\cvendedor.obj
c:\users\pofbattousai\documents\tp_final\tp_final\debug\csimulador.obj
c:\users\pofbattousai\documents\tp_final\tp_final\debug\cdespachante.obj
c:\users\pofbattousai\documents\tp_final\tp_final\debug\ccomprador.obj
c:\users\pofbattousai\documents\tp_final\tp_final\debug\ctv.obj
c:\users\pofbattousai\documents\tp_final\tp_final\debug\cmiroondas.obj
c:\users\pofbattousai\documents\tp_final\tp_final\debug\cempleado.obj
c:\users\pofbattousai\documents\tp_final\tp_final\debug\cclientes.obj
c:\users\pofbattousai\documents\tp_final\tp_final\debug\carticulo.obj
c:\users\pofbattousai\documents\tp_final\debug\tp_final.exe
c:\users\pofbattousai\documents\tp_final\debug\tp_final.ilk
c:\users\pofbattousai\documents\tp_final\debug\tp_final.pdb
c:\users\pofbattousai\documents\tp_final\tp_final\debug\tp_final.tlog\cl.command.1.tlog
c:\users\pofbattousai\documents\tp_final\tp_final\debug\tp_final.tlog\cl.read.1.tlog
c:\users\pofbattousai\documents\tp_final\tp_final\debug\tp_final.tlog\cl.write.1.tlog
c:\users\pofbattousai\documents\tp_final\tp_final\debug\tp_final.tlog\link.command.1.tlog
c:\users\pofbattousai\documents\tp_final\tp_final\debug\tp_final.tlog\link.read.1.tlog
c:\users\pofbattousai\documents\tp_final\tp_final\debug\tp_final.tlog\link.write.1.tlog
